[debug] [2025-10-09T07:11:55.902Z] ----------------------------------------------------------------------
[debug] [2025-10-09T07:11:55.904Z] Command:       C:\Program Files\nodejs\node.exe C:\Users\tuhin\AppData\Roaming\npm\node_modules\firebase-tools\lib\bin\firebase.js init
[debug] [2025-10-09T07:11:55.905Z] CLI Version:   14.19.1
[debug] [2025-10-09T07:11:55.905Z] Platform:      win32
[debug] [2025-10-09T07:11:55.905Z] Node Version:  v20.18.0
[debug] [2025-10-09T07:11:55.905Z] Time:          Thu Oct 09 2025 14:11:55 GMT+0700 (Indochina Time)
[debug] [2025-10-09T07:11:55.905Z] ----------------------------------------------------------------------
[debug] 
[info] 
     ######## #### ########  ######## ########     ###     ######  ########
     ##        ##  ##     ## ##       ##     ##  ##   ##  ##       ##
     ######    ##  ########  ######   ########  #########  ######  ######
     ##        ##  ##    ##  ##       ##     ## ##     ##       ## ##
     ##       #### ##     ## ######## ########  ##     ##  ######  ########

You're about to initialize a Firebase project in this directory:

  C:\Users\tuhin\Desktop\WorkSpace\GIFT

[info] 
=== Project Setup
[info] 
[info] First, let's associate this project directory with a Firebase project.
[info] You can create multiple project aliases by running firebase use --add, 
[info] 
